[debug] [2017-07-30T14:03:28.106Z] ----------------------------------------------------------------------
[debug] [2017-07-30T14:03:28.111Z] Command:      /usr/local/bin/node /usr/local/bin/firebase deploy
[debug] [2017-07-30T14:03:28.113Z] CLI Version:  3.9.1
[debug] [2017-07-30T14:03:28.113Z] Platform:     darwin
[debug] [2017-07-30T14:03:28.113Z] Node Version: v5.7.1
[debug] [2017-07-30T14:03:28.115Z] Time:         Sun Jul 30 2017 07:03:28 GMT-0700 (PDT)
[debug] [2017-07-30T14:03:28.115Z] ----------------------------------------------------------------------
[debug] 
[debug] [2017-07-30T14:03:28.134Z] > command requires scopes: ["email","openid","https://www.googleapis.com/auth/cloudplatformprojects.readonly","https://www.googleapis.com/auth/firebase","https://www.googleapis.com/auth/cloud-platform"]
[debug] [2017-07-30T14:03:28.134Z] > authorizing via signed-in user
[debug] [2017-07-30T14:03:28.138Z] >>> HTTP REQUEST GET https://admin.firebase.com/v1/projects/minsokchon-d7e0d  
 Sun Jul 30 2017 07:03:28 GMT-0700 (PDT)
[debug] [2017-07-30T14:03:28.859Z] <<< HTTP RESPONSE 200
[debug] [2017-07-30T14:03:28.861Z] >>> HTTP REQUEST GET https://admin.firebase.com/v1/database/minsokchon-d7e0d/tokens  
 Sun Jul 30 2017 07:03:28 GMT-0700 (PDT)
[debug] [2017-07-30T14:03:29.271Z] <<< HTTP RESPONSE 200
[info] 
[info] === Deploying to 'minsokchon-d7e0d'...
[info] 
[info] i  deploying hosting
[info] i  hosting: preparing public directory for upload...
[debug] [2017-07-30T14:03:31.363Z] >>> HTTP REQUEST PUT https://deploy.firebase.com/v1/hosting/minsokchon-d7e0d/uploads/-KqInlgmbrOU0oAkeKcn?fileCount=62&message=  
 Sun Jul 30 2017 07:03:31 GMT-0700 (PDT)
